<?xml version="1.0" encoding="UTF-8"?>
<!-- Generated by org.testng.reporters.JUnitXMLReporter -->
<testsuite hostname="Sarthak" ignored="0" name="BMWTest" tests="3" failures="1" timestamp="07 Apr 2020 10:28:14 GMT" time="39.776" errors="0">
  <testcase name="testLandingPage" time="11.509" classname="scripts.BMWPageTest"/>
  <testcase name="testSeventhSeriesPage" time="3.463" classname="scripts.BMWPageTest"/>
  <testcase name="testTechnicalData" time="0.375" classname="scripts.BMWPageTest">
    <failure type="java.lang.AssertionError" message="Does not meet my requirements">
      <![CDATA[java.lang.AssertionError: Does not meet my requirements
at scripts.BMWPageTest.testTechnicalData(BMWPageTest.java:96)
... Removed 26 stack frames]]>
    </failure>
  </testcase> <!-- testTechnicalData -->
</testsuite> <!-- BMWTest -->
