<?xml version="1.0" encoding="UTF-8"?>
<testng-results skipped="0" failed="1" ignored="0" total="3" passed="2">
  <reporter-output>
  </reporter-output>
  <suite name="BMWSuite" duration-ms="39776" started-at="2020-04-07T10:27:34Z" finished-at="2020-04-07T10:28:14Z">
    <groups>
    </groups>
    <test name="BMWTest" duration-ms="39776" started-at="2020-04-07T10:27:34Z" finished-at="2020-04-07T10:28:14Z">
      <class name="scripts.BMWPageTest">
        <test-method status="PASS" signature="beforeClass()[pri:0, instance:scripts.BMWPageTest@6b927fb]" name="beforeClass" is-config="true" duration-ms="19613" started-at="2020-04-07T10:27:34Z" finished-at="2020-04-07T10:27:53Z">
          <reporter-output>
          </reporter-output>
        </test-method> <!-- beforeClass -->
        <test-method status="PASS" signature="testLandingPage()[pri:1, instance:scripts.BMWPageTest@6b927fb]" name="testLandingPage" duration-ms="11509" started-at="2020-04-07T10:27:53Z" finished-at="2020-04-07T10:28:05Z">
          <reporter-output>
          </reporter-output>
        </test-method> <!-- testLandingPage -->
        <test-method status="PASS" signature="testSeventhSeriesPage()[pri:2, instance:scripts.BMWPageTest@6b927fb]" name="testSeventhSeriesPage" duration-ms="3463" started-at="2020-04-07T10:28:05Z" finished-at="2020-04-07T10:28:08Z">
          <reporter-output>
          </reporter-output>
        </test-method> <!-- testSeventhSeriesPage -->
        <test-method status="FAIL" signature="testTechnicalData()[pri:3, instance:scripts.BMWPageTest@6b927fb]" name="testTechnicalData" duration-ms="375" started-at="2020-04-07T10:28:08Z" finished-at="2020-04-07T10:28:09Z">
          <exception class="java.lang.AssertionError">
            <message>
              <![CDATA[Does not meet my requirements]]>
            </message>
            <full-stacktrace>
              <![CDATA[java.lang.AssertionError: Does not meet my requirements
at org.testng.Assert.fail(Assert.java:96)
at scripts.BMWPageTest.testTechnicalData(BMWPageTest.java:96)
at sun.reflect.NativeMethodAccessorImpl.invoke0(Native Method)
at sun.reflect.NativeMethodAccessorImpl.invoke(Unknown Source)
at sun.reflect.DelegatingMethodAccessorImpl.invoke(Unknown Source)
at java.lang.reflect.Method.invoke(Unknown Source)
at org.testng.internal.MethodInvocationHelper.invokeMethod(MethodInvocationHelper.java:124)
at org.testng.internal.Invoker.invokeMethod(Invoker.java:583)
at org.testng.internal.Invoker.invokeTestMethod(Invoker.java:719)
at org.testng.internal.Invoker.invokeTestMethods(Invoker.java:989)
at org.testng.internal.TestMethodWorker.invokeTestMethods(TestMethodWorker.java:125)
at org.testng.internal.TestMethodWorker.run(TestMethodWorker.java:109)
at org.testng.TestRunner.privateRun(TestRunner.java:648)
at org.testng.TestRunner.run(TestRunner.java:505)
at org.testng.SuiteRunner.runTest(SuiteRunner.java:455)
at org.testng.SuiteRunner.runSequentially(SuiteRunner.java:450)
at org.testng.SuiteRunner.privateRun(SuiteRunner.java:415)
at org.testng.SuiteRunner.run(SuiteRunner.java:364)
at org.testng.SuiteRunnerWorker.runSuite(SuiteRunnerWorker.java:52)
at org.testng.SuiteRunnerWorker.run(SuiteRunnerWorker.java:84)
at org.testng.TestNG.runSuitesSequentially(TestNG.java:1208)
at org.testng.TestNG.runSuitesLocally(TestNG.java:1137)
at org.testng.TestNG.runSuites(TestNG.java:1049)
at org.testng.TestNG.run(TestNG.java:1017)
at org.testng.remote.AbstractRemoteTestNG.run(AbstractRemoteTestNG.java:114)
at org.testng.remote.RemoteTestNG.initAndRun(RemoteTestNG.java:251)
at org.testng.remote.RemoteTestNG.main(RemoteTestNG.java:77)
]]>
            </full-stacktrace>
          </exception> <!-- java.lang.AssertionError -->
          <reporter-output>
          </reporter-output>
        </test-method> <!-- testTechnicalData -->
        <test-method status="PASS" signature="afterClass()[pri:0, instance:scripts.BMWPageTest@6b927fb]" name="afterClass" is-config="true" duration-ms="4088" started-at="2020-04-07T10:28:09Z" finished-at="2020-04-07T10:28:14Z">
          <reporter-output>
          </reporter-output>
        </test-method> <!-- afterClass -->
      </class> <!-- scripts.BMWPageTest -->
    </test> <!-- BMWTest -->
  </suite> <!-- BMWSuite -->
</testng-results>
